<?xml version="1.0" encoding="UTF-8"?>
<!-- Generated by org.testng.reporters.JUnitReportReporter -->
<testsuite skipped="0" hostname="LAPTOP-UHUCNIH4" name="qaclickacademy.SeleniumTest" tests="2" failures="0" timestamp="2019-12-02T00:33:26 IST" time="0.008" errors="0">
  <testcase name="browserAutomation" time="0.008" classname="qaclickacademy.SeleniumTest"/>
  <testcase name="elementUi" time="0.000" classname="qaclickacademy.SeleniumTest"/>
</testsuite> <!-- qaclickacademy.SeleniumTest -->
