<?xml version="1.0" encoding="UTF-8"?>
<!-- Generated by org.testng.reporters.JUnitReportReporter -->
<testsuite skipped="0" hostname="LAPTOP-UHUCNIH4" name="qaclickacademy.AppiumTest" tests="2" failures="0" timestamp="2019-12-02T00:33:09 IST" time="0.001" errors="0">
  <testcase name="IOSApp" time="0.000" classname="qaclickacademy.AppiumTest"/>
  <testcase name="NativeAppAndroid" time="0.001" classname="qaclickacademy.AppiumTest"/>
</testsuite> <!-- qaclickacademy.AppiumTest -->
